#
# There is insufficient memory for the Java Runtime Environment to continue.
# Native memory allocation (mmap) failed to map 201326592 bytes for G1 virtual space
# Possible reasons:
#   The system is out of physical RAM or swap space
#   The process is running with CompressedOops enabled, and the Java Heap may be blocking the growth of the native heap
# Possible solutions:
#   Reduce memory load on the system
#   Increase physical memory or swap space
#   Check if swap backing store is full
#   Decrease Java heap size (-Xmx/-Xms)
#   Decrease number of Java threads
#   Decrease Java thread stack sizes (-Xss)
#   Set larger code cache with -XX:ReservedCodeCacheSize=
#   JVM is running with Zero Based Compressed Oops mode in which the Java heap is
#     placed in the first 32GB address space. The Java Heap base address is the
#     maximum limit for the native heap growth. Please use -XX:HeapBaseMinAddress
#     to set the Java Heap base and to place the Java Heap above 32GB virtual address.
# This output file may be truncated or incomplete.
#
#  Out of Memory Error (os_windows.cpp:3548), pid=10848, tid=18584
#
# JRE version:  (17.0.5+8) (build )
# Java VM: OpenJDK 64-Bit Server VM (17.0.5+8, mixed mode, sharing, tiered, compressed oops, compressed class ptrs, g1 gc, windows-amd64)
# No core dump will be written. Minidumps are not enabled by default on client versions of Windows
#

---------------  S U M M A R Y ------------

Command Line: -Dfile.encoding=windows-1252 -XX:+ShowCodeDetailsInExceptionMessages jeu_Motus1.Motus jeu 5

Host: Intel(R) Core(TM) i7-4750HQ CPU @ 2.00GHz, 8 cores, 11G,  Windows 10 , 64 bit Build 19041 (10.0.19041.2364)
Time: Wed Jan 25 19:11:44 2023 Afr. centrale Ouest elapsed time: 0.062505 seconds (0d 0h 0m 0s)

---------------  T H R E A D  ---------------

Current thread (0x0000017ad0d92620):  JavaThread "Unknown thread" [_thread_in_vm, id=18584, stack(0x000000284bf00000,0x000000284c000000)]

Stack: [0x000000284bf00000,0x000000284c000000]
Native frames: (J=compiled Java code, j=interpreted, Vv=VM code, C=native code)
V  [jvm.dll+0x676b3a]
V  [jvm.dll+0x831444]
V  [jvm.dll+0x832bee]
V  [jvm.dll+0x833253]
V  [jvm.dll+0x244ce5]
V  [jvm.dll+0x673a49]
V  [jvm.dll+0x66811a]
V  [jvm.dll+0x303ceb]
V  [jvm.dll+0x30b1e6]
V  [jvm.dll+0x35adbe]
V  [jvm.dll+0x35afef]
V  [jvm.dll+0x2dab88]
V  [jvm.dll+0x2dbaf4]
V  [jvm.dll+0x803121]
V  [jvm.dll+0x368bb1]
V  [jvm.dll+0x7e265c]
V  [jvm.dll+0x3eb17f]
V  [jvm.dll+0x3eccc1]
C  [jli.dll+0x5267]
C  [ucrtbase.dll+0x21bb2]
C  [KERNEL32.DLL+0x17614]
C  [ntdll.dll+0x526a1]


---------------  P R O C E S S  ---------------

Threads class SMR info:
_java_thread_list=0x00007ff8766d2f18, length=0, elements={
}

Java Threads: ( => current thread )

Other Threads:
  0x0000017ad0dec570 GCTaskThread "GC Thread#0" [stack: 0x000000284c000000,0x000000284c100000] [id=5196]
  0x0000017ad0df9300 ConcurrentGCThread "G1 Main Marker" [stack: 0x000000284c100000,0x000000284c200000] [id=25208]
  0x0000017ad0dfa4b0 ConcurrentGCThread "G1 Conc#0" [stack: 0x000000284c200000,0x000000284c300000] [id=29080]

[error occurred during error reporting (printing all threads), id 0xc0000005, EXCEPTION_ACCESS_VIOLATION (0xc0000005) at pc=0x00007ff875eab617]

VM state: not at safepoint (not fully initialized)

VM Mutex/Monitor currently owned by a thread:  ([mutex/lock_event])
[0x0000017ad0d8e390] Heap_lock - owner thread: 0x0000017ad0d92620

Heap address: 0x0000000741a00000, size: 3046 MB, Compressed Oops mode: Zero based, Oop shift amount: 3

CDS archive(s) mapped at: [0x0000000000000000-0x0000000000000000-0x0000000000000000), size 0, SharedBaseAddress: 0x0000000800000000, ArchiveRelocationMode: 0.
Narrow klass base: 0x0000000000000000, Narrow klass shift: 0, Narrow klass range: 0x0

GC Precious Log:
<Empty>

Heap:
 garbage-first heap   total 0K, used 0K [0x0000000741a00000, 0x0000000800000000)
  region size 2048K, 0 young (0K), 0 survivors (0K)

[error occurred during error reporting (printing heap information), id 0xc0000005, EXCEPTION_ACCESS_VIOLATION (0xc0000005) at pc=0x00007ff87628fcb9]

GC Heap History (0 events):
No events

Dll operation events (1 events):
Event: 0.038 Loaded shared library C:\Users\Asus\.p2\pool\plugins\org.eclipse.justj.openjdk.hotspot.jre.full.win32.x86_64_17.0.5.v20221102-0933\jre\bin\java.dll

Deoptimization events (0 events):
No events

Classes unloaded (0 events):
No events

Classes redefined (0 events):
No events

Internal exceptions (0 events):
No events

VM Operations (0 events):
No events

Events (0 events):
No events


Dynamic libraries:
0x00007ff6f8240000 - 0x00007ff6f824e000 	C:\Users\Asus\.p2\pool\plugins\org.eclipse.justj.openjdk.hotspot.jre.full.win32.x86_64_17.0.5.v20221102-0933\jre\bin\javaw.exe
0x00007ff907750000 - 0x00007ff907948000 	C:\WINDOWS\SYSTEM32\ntdll.dll
0x00007ff907520000 - 0x00007ff9075df000 	C:\WINDOWS\System32\KERNEL32.DLL
0x00007ff9050a0000 - 0x00007ff905372000 	C:\WINDOWS\System32\KERNELBASE.dll
0x00007ff9053e0000 - 0x00007ff9054e0000 	C:\WINDOWS\System32\ucrtbase.dll
0x00007ff8f1e60000 - 0x00007ff8f1e77000 	C:\Users\Asus\.p2\pool\plugins\org.eclipse.justj.openjdk.hotspot.jre.full.win32.x86_64_17.0.5.v20221102-0933\jre\bin\jli.dll
0x00007ff8f1e40000 - 0x00007ff8f1e59000 	C:\Users\Asus\.p2\pool\plugins\org.eclipse.justj.openjdk.hotspot.jre.full.win32.x86_64_17.0.5.v20221102-0933\jre\bin\VCRUNTIME140.dll
0x00007ff906040000 - 0x00007ff9061e1000 	C:\WINDOWS\System32\USER32.dll
0x00007ff9053b0000 - 0x00007ff9053d2000 	C:\WINDOWS\System32\win32u.dll
0x00007ff8f5e10000 - 0x00007ff8f60aa000 	C:\WINDOWS\WinSxS\amd64_microsoft.windows.common-controls_6595b64144ccf1df_6.0.19041.1110_none_60b5254171f9507e\COMCTL32.dll
0x00007ff906b40000 - 0x00007ff906b6b000 	C:\WINDOWS\System32\GDI32.dll
0x00007ff9068c0000 - 0x00007ff90695e000 	C:\WINDOWS\System32\msvcrt.dll
0x00007ff9055e0000 - 0x00007ff9056ef000 	C:\WINDOWS\System32\gdi32full.dll
0x00007ff9056f0000 - 0x00007ff90578d000 	C:\WINDOWS\System32\msvcp_win.dll
0x00007ff905e90000 - 0x00007ff905ec2000 	C:\WINDOWS\System32\IMM32.DLL
0x00007ff8f6650000 - 0x00007ff8f665c000 	C:\Users\Asus\.p2\pool\plugins\org.eclipse.justj.openjdk.hotspot.jre.full.win32.x86_64_17.0.5.v20221102-0933\jre\bin\vcruntime140_1.dll
0x00007ff8e6c40000 - 0x00007ff8e6cd1000 	C:\Users\Asus\.p2\pool\plugins\org.eclipse.justj.openjdk.hotspot.jre.full.win32.x86_64_17.0.5.v20221102-0933\jre\bin\msvcp140.dll
0x00007ff875bc0000 - 0x00007ff876804000 	C:\Users\Asus\.p2\pool\plugins\org.eclipse.justj.openjdk.hotspot.jre.full.win32.x86_64_17.0.5.v20221102-0933\jre\bin\server\jvm.dll
0x00007ff907340000 - 0x00007ff9073ee000 	C:\WINDOWS\System32\ADVAPI32.dll
0x00007ff9058d0000 - 0x00007ff90596c000 	C:\WINDOWS\System32\sechost.dll
0x00007ff9073f0000 - 0x00007ff907515000 	C:\WINDOWS\System32\RPCRT4.dll
0x00007ff8f7fd0000 - 0x00007ff8f7ff7000 	C:\WINDOWS\SYSTEM32\WINMM.dll
0x00007ff8f3960000 - 0x00007ff8f3969000 	C:\WINDOWS\SYSTEM32\WSOCK32.dll
0x00007ff8fd6c0000 - 0x00007ff8fd6ca000 	C:\WINDOWS\SYSTEM32\VERSION.dll
0x00007ff9067c0000 - 0x00007ff90682b000 	C:\WINDOWS\System32\WS2_32.dll
0x00007ff902d00000 - 0x00007ff902d12000 	C:\WINDOWS\SYSTEM32\kernel.appcore.dll
0x00007ff8f67f0000 - 0x00007ff8f67fa000 	C:\Users\Asus\.p2\pool\plugins\org.eclipse.justj.openjdk.hotspot.jre.full.win32.x86_64_17.0.5.v20221102-0933\jre\bin\jimage.dll
0x00007ff8f0620000 - 0x00007ff8f0804000 	C:\WINDOWS\SYSTEM32\DBGHELP.DLL
0x00007ff8f05e0000 - 0x00007ff8f0615000 	C:\WINDOWS\SYSTEM32\dbgcore.DLL
0x00007ff904eb0000 - 0x00007ff904f32000 	C:\WINDOWS\System32\bcryptPrimitives.dll
0x00007ff8f1f50000 - 0x00007ff8f1f75000 	C:\Users\Asus\.p2\pool\plugins\org.eclipse.justj.openjdk.hotspot.jre.full.win32.x86_64_17.0.5.v20221102-0933\jre\bin\java.dll

dbghelp: loaded successfully - version: 4.0.5 - missing functions: none
symbol engine: initialized successfully - sym options: 0x614 - pdb path: .;C:\Users\Asus\.p2\pool\plugins\org.eclipse.justj.openjdk.hotspot.jre.full.win32.x86_64_17.0.5.v20221102-0933\jre\bin;C:\WINDOWS\SYSTEM32;C:\WINDOWS\WinSxS\amd64_microsoft.windows.common-controls_6595b64144ccf1df_6.0.19041.1110_none_60b5254171f9507e;C:\Users\Asus\.p2\pool\plugins\org.eclipse.justj.openjdk.hotspot.jre.full.win32.x86_64_17.0.5.v20221102-0933\jre\bin\server

VM Arguments:
jvm_args: -Dfile.encoding=windows-1252 -XX:+ShowCodeDetailsInExceptionMessages 
java_command: jeu_Motus1.Motus jeu 5
java_class_path (initial): C:\Users\Asus\eclipse-workspace\jeu_Motus1\bin
Launcher Type: SUN_STANDARD

[Global flags]
     intx CICompilerCount                          = 4                                         {product} {ergonomic}
     uint ConcGCThreads                            = 2                                         {product} {ergonomic}
     uint G1ConcRefinementThreads                  = 8                                         {product} {ergonomic}
   size_t G1HeapRegionSize                         = 2097152                                   {product} {ergonomic}
    uintx GCDrainStackTargetSize                   = 64                                        {product} {ergonomic}
   size_t InitialHeapSize                          = 201326592                                 {product} {ergonomic}
   size_t MarkStackSize                            = 4194304                                   {product} {ergonomic}
   size_t MaxHeapSize                              = 3193962496                                {product} {ergonomic}
   size_t MinHeapDeltaBytes                        = 2097152                                   {product} {ergonomic}
   size_t MinHeapSize                              = 8388608                                   {product} {ergonomic}
    uintx NonNMethodCodeHeapSize                   = 5839372                                {pd product} {ergonomic}
    uintx NonProfiledCodeHeapSize                  = 122909434                              {pd product} {ergonomic}
    uintx ProfiledCodeHeapSize                     = 122909434                              {pd product} {ergonomic}
    uintx ReservedCodeCacheSize                    = 251658240                              {pd product} {ergonomic}
     bool SegmentedCodeCache                       = true                                      {product} {ergonomic}
     bool ShowCodeDetailsInExceptionMessages       = true                                   {manageable} {command line}
   size_t SoftMaxHeapSize                          = 3193962496                             {manageable} {ergonomic}
     bool UseCompressedClassPointers               = true                           {product lp64_product} {ergonomic}
     bool UseCompressedOops                        = true                           {product lp64_product} {ergonomic}
     bool UseG1GC                                  = true                                      {product} {ergonomic}
     bool UseLargePagesIndividualAllocation        = false                                  {pd product} {ergonomic}

Logging:
Log output configuration:
 #0: stdout all=warning uptime,level,tags
 #1: stderr all=off uptime,level,tags

Environment Variables:
PATH=C:/Users/Asus/.p2/pool/plugins/org.eclipse.justj.openjdk.hotspot.jre.full.win32.x86_64_17.0.5.v20221102-0933/jre/bin/server;C:/Users/Asus/.p2/pool/plugins/org.eclipse.justj.openjdk.hotspot.jre.full.win32.x86_64_17.0.5.v20221102-0933/jre/bin;C:/Users/Asus/AppData/Local/Temp/eoiB14A.tmp//plugins/org.eclipse.justj.openjdk.hotspot.jre.minimal.stripped.win32.x86_64_17.0.4.v20221004-1257/jre/bin/server;C:/Users/Asus/AppData/Local/Temp/eoiB14A.tmp//plugins/org.eclipse.justj.openjdk.hotspot.jre.minimal.stripped.win32.x86_64_17.0.4.v20221004-1257/jre/bin;C:\PySchool\3.10-32-bit\Scripts;C:\PySchool\3.10-32-bit;C:\Program Files (x86)\Common Files\Intel\Shared Libraries\redist\intel64\compiler;C:\Python39\Scripts\;C:\Python39\;C:\Program Files (x86)\Common Files\Oracle\Java\javapath;C:\ProgramData\Oracle\Java\javapath;C:\WINDOWS\system32;C:\WINDOWS;C:\WINDOWS\System32\Wbem;C:\WINDOWS\System32\WindowsPowerShell\v1.0\;C:\Program Files (x86)\NVIDIA Corporation\PhysX\Common;C:\WINDOWS\System32\OpenSSH\;C:\Program Files\NVIDIA Corporation\NVIDIA NvDLISR;C:\WINDOWS\system32;C:\WINDOWS;C:\WINDOWS\System32\Wbem;C:\WINDOWS\System32\WindowsPowerShell\v1.0\;C:\WINDOWS\System32\OpenSSH\;C:\Program Files\Microsoft SQL Server\130\Tools\Binn\;C:\ProgramData\chocolatey\bin;C:\Program Files\nodejs\;C:\xampp\php;C:\ProgramData\ComposerSetup\bin;C:\Users\Asus\AppData\Local\Microsoft\WindowsApps;C:\Users\Asus\AppData\Roaming\npm;C:\Users\Asus\AppData\Local\Programs\MiKTeX\miktex\bin\x64\;C:\Users\Asus\AppData\Roaming\Composer\vendor\bin;C:\Users\Asus\Downloads;;C:\Users\Asus\Downloads;
USERNAME=Asus
OS=Windows_NT
PROCESSOR_IDENTIFIER=Intel64 Family 6 Model 70 Stepping 1, GenuineIntel
TMP=C:\Users\Asus\AppData\Local\Temp
TEMP=C:\Users\Asus\AppData\Local\Temp



---------------  S Y S T E M  ---------------

OS:
 Windows 10 , 64 bit Build 19041 (10.0.19041.2364)
OS uptime: 3 days 2:20 hours

CPU: total 8 (initial active 8) (4 cores per cpu, 2 threads per core) family 6 model 70 stepping 1 microcode 0x1b, cx8, cmov, fxsr, ht, mmx, sse, sse2, sse3, ssse3, sse4.1, sse4.2, popcnt, lzcnt, tsc, tscinvbit, avx, avx2, aes, erms, clmul, bmi1, bmi2, fma, vzeroupper, clflush

Memory: 4k page, system-wide physical 12177M (3544M free)
TotalPageFile size 30413M (AvailPageFile size 162M)
current process WorkingSet (physical memory assigned to process): 10M, peak: 10M
current process commit charge ("private bytes"): 60M, peak: 251M

vm_info: OpenJDK 64-Bit Server VM (17.0.5+8) for windows-amd64 JRE (17.0.5+8), built on Oct 19 2022 04:48:13 by "temurin" with MS VC++ 16.7 (VS2019)

END.
